0 info it worked if it ends with ok
1 verbose cli [ '/usr/local/bin/node',
1 verbose cli   '/usr/local/bin/npm',
1 verbose cli   'install',
1 verbose cli   'canvas' ]
2 info using npm@2.7.4
3 info using node@v0.12.2
4 silly cache add args [ 'canvas', null ]
5 verbose cache add spec canvas
6 silly cache add parsed spec { raw: 'canvas',
6 silly cache add   scope: null,
6 silly cache add   name: 'canvas',
6 silly cache add   rawSpec: '',
6 silly cache add   spec: '*',
6 silly cache add   type: 'range' }
7 verbose addNamed canvas@*
8 silly addNamed semver.valid null
9 silly addNamed semver.validRange *
10 silly addNameRange { name: 'canvas', range: '*', hasData: false }
11 silly mapToRegistry name canvas
12 silly mapToRegistry using default registry
13 silly mapToRegistry registry https://registry.npmjs.org/
14 silly mapToRegistry uri https://registry.npmjs.org/canvas
15 verbose addNameRange registry:https://registry.npmjs.org/canvas not in flight; fetching
16 verbose request uri https://registry.npmjs.org/canvas
17 verbose request no auth needed
18 info attempt registry request try #1 at 12:47:12 PM
19 verbose request id 43abf532e62eec6f
20 verbose etag "6843HH5TZSZV0WEJORUXA22GT"
21 http request GET https://registry.npmjs.org/canvas
22 http 304 https://registry.npmjs.org/canvas
23 silly get cb [ 304,
23 silly get   { date: 'Mon, 11 May 2015 11:47:12 GMT',
23 silly get     via: '1.1 varnish',
23 silly get     'cache-control': 'max-age=60',
23 silly get     etag: '"6843HH5TZSZV0WEJORUXA22GT"',
23 silly get     age: '23',
23 silly get     connection: 'keep-alive',
23 silly get     'x-served-by': 'cache-lcy1135-LCY',
23 silly get     'x-cache': 'HIT',
23 silly get     'x-cache-hits': '1',
23 silly get     'x-timer': 'S1431344832.118494,VS0,VE0',
23 silly get     vary: 'Accept' } ]
24 verbose etag https://registry.npmjs.org/canvas from cache
25 verbose get saving canvas to /Users/bernie/.npm/registry.npmjs.org/canvas/.cache.json
26 silly addNameRange number 2 { name: 'canvas', range: '*', hasData: true }
27 silly addNameRange versions [ 'canvas',
27 silly addNameRange   [ '0.0.1',
27 silly addNameRange     '0.0.2',
27 silly addNameRange     '0.0.3',
27 silly addNameRange     '0.0.4',
27 silly addNameRange     '0.0.5',
27 silly addNameRange     '0.0.6',
27 silly addNameRange     '0.0.7',
27 silly addNameRange     '0.0.8',
27 silly addNameRange     '0.1.0',
27 silly addNameRange     '0.2.0',
27 silly addNameRange     '0.2.1',
27 silly addNameRange     '0.3.0',
27 silly addNameRange     '0.3.1',
27 silly addNameRange     '0.3.2',
27 silly addNameRange     '0.3.3',
27 silly addNameRange     '0.4.0',
27 silly addNameRange     '0.4.1',
27 silly addNameRange     '0.4.2',
27 silly addNameRange     '0.4.3',
27 silly addNameRange     '0.5.0',
27 silly addNameRange     '0.5.1',
27 silly addNameRange     '0.5.2',
27 silly addNameRange     '0.5.3',
27 silly addNameRange     '0.5.4',
27 silly addNameRange     '0.6.0',
27 silly addNameRange     '0.7.0',
27 silly addNameRange     '0.7.1',
27 silly addNameRange     '0.7.2',
27 silly addNameRange     '0.7.3',
27 silly addNameRange     '0.8.0',
27 silly addNameRange     '0.8.1',
27 silly addNameRange     '0.8.2',
27 silly addNameRange     '0.8.3',
27 silly addNameRange     '0.9.0',
27 silly addNameRange     '0.10.0',
27 silly addNameRange     '0.10.1',
27 silly addNameRange     '0.10.2',
27 silly addNameRange     '0.10.3',
27 silly addNameRange     '0.11.0',
27 silly addNameRange     '0.11.1',
27 silly addNameRange     '0.11.2',
27 silly addNameRange     '0.11.3',
27 silly addNameRange     '0.12.0',
27 silly addNameRange     '0.12.1',
27 silly addNameRange     '0.13.0',
27 silly addNameRange     '0.13.1',
27 silly addNameRange     '1.0.0',
27 silly addNameRange     '1.0.1',
27 silly addNameRange     '1.0.2',
27 silly addNameRange     '1.0.3',
27 silly addNameRange     '1.0.4',
27 silly addNameRange     '1.1.0',
27 silly addNameRange     '1.1.1',
27 silly addNameRange     '1.1.2',
27 silly addNameRange     '1.1.3',
27 silly addNameRange     '1.1.4',
27 silly addNameRange     '1.1.5',
27 silly addNameRange     '1.1.6',
27 silly addNameRange     '1.2.0',
27 silly addNameRange     '1.2.1',
27 silly addNameRange     '1.2.2' ] ]
28 verbose addNamed canvas@1.2.2
29 silly addNamed semver.valid 1.2.2
30 silly addNamed semver.validRange 1.2.2
31 silly cache afterAdd canvas@1.2.2
32 verbose afterAdd /Users/bernie/.npm/canvas/1.2.2/package/package.json not in flight; writing
33 verbose afterAdd /Users/bernie/.npm/canvas/1.2.2/package/package.json written
34 silly install resolved [ { name: 'canvas',
34 silly install resolved     description: 'Canvas graphics API backed by Cairo',
34 silly install resolved     version: '1.2.2',
34 silly install resolved     author: { name: 'TJ Holowaychuk', email: 'tj@learnboost.com' },
34 silly install resolved     contributors: [ [Object], [Object], [Object] ],
34 silly install resolved     keywords:
34 silly install resolved      [ 'canvas',
34 silly install resolved        'graphic',
34 silly install resolved        'graphics',
34 silly install resolved        'pixman',
34 silly install resolved        'cairo',
34 silly install resolved        'image',
34 silly install resolved        'images',
34 silly install resolved        'pdf' ],
34 silly install resolved     homepage: 'https://github.com/learnboost/node-canvas',
34 silly install resolved     repository: { type: 'git', url: 'git://github.com/learnboost/node-canvas' },
34 silly install resolved     scripts: { test: 'make test', install: 'node-gyp rebuild' },
34 silly install resolved     dependencies: { nan: '~1.5.1' },
34 silly install resolved     devDependencies: { express: '3.0', jade: '0.28.1', mocha: '*', should: '*' },
34 silly install resolved     engines: { node: '>= 0.6.0' },
34 silly install resolved     main: './lib/canvas.js',
34 silly install resolved     gypfile: true,
34 silly install resolved     gitHead: '9575a8f3df93e7b5aa1f1c4c3a0a36b48a3002a3',
34 silly install resolved     bugs: { url: 'https://github.com/learnboost/node-canvas/issues' },
34 silly install resolved     _id: 'canvas@1.2.2',
34 silly install resolved     _shasum: '127a4941d31ef19c10e203120ec9c6f0bec9349b',
34 silly install resolved     _from: 'canvas@*',
34 silly install resolved     _npmVersion: '2.7.4',
34 silly install resolved     _nodeVersion: '0.12.2',
34 silly install resolved     _npmUser: { name: 'tootallnate', email: 'nathan@tootallnate.net' },
34 silly install resolved     maintainers: [ [Object], [Object], [Object], [Object], [Object] ],
34 silly install resolved     dist:
34 silly install resolved      { shasum: '127a4941d31ef19c10e203120ec9c6f0bec9349b',
34 silly install resolved        tarball: 'http://registry.npmjs.org/canvas/-/canvas-1.2.2.tgz' },
34 silly install resolved     directories: {},
34 silly install resolved     _resolved: 'https://registry.npmjs.org/canvas/-/canvas-1.2.2.tgz',
34 silly install resolved     readme: 'ERROR: No README data found!' } ]
35 info install canvas@1.2.2 into /Users/bernie/Code/sandstorm-appstore/app
36 info installOne canvas@1.2.2
37 verbose installOne of canvas to /Users/bernie/Code/sandstorm-appstore/app not in flight; installing
38 verbose lock using /Users/bernie/.npm/_locks/canvas-b8fd7360da79d340.lock for /Users/bernie/Code/sandstorm-appstore/app/node_modules/canvas
39 silly install write writing canvas 1.2.2 to /Users/bernie/Code/sandstorm-appstore/app/node_modules/canvas
40 silly cache addNamed cb canvas@1.2.2
41 verbose unbuild node_modules/canvas
42 silly gentlyRm /Users/bernie/Code/sandstorm-appstore/app/node_modules/canvas is being purged from base /Users/bernie/Code/sandstorm-appstore/app
43 verbose gentlyRm don't care about contents; nuking /Users/bernie/Code/sandstorm-appstore/app/node_modules/canvas
44 verbose tar unpack /Users/bernie/.npm/canvas/1.2.2/package.tgz
45 verbose tar unpacking to /Users/bernie/Code/sandstorm-appstore/app/node_modules/canvas
46 silly gentlyRm /Users/bernie/Code/sandstorm-appstore/app/node_modules/canvas is being purged
47 verbose gentlyRm don't care about contents; nuking /Users/bernie/Code/sandstorm-appstore/app/node_modules/canvas
48 silly gunzTarPerm modes [ '755', '644' ]
49 silly gunzTarPerm extractEntry package.json
50 silly gunzTarPerm extractEntry .npmignore
51 silly gunzTarPerm extractEntry index.js
52 silly gunzTarPerm extractEntry binding.gyp
53 silly gunzTarPerm extractEntry Makefile
54 silly gunzTarPerm extractEntry Readme.md
55 silly gunzTarPerm extractEntry .gitmodules
56 silly gunzTarPerm extractEntry .travis.yml
57 silly gunzTarPerm extractEntry install
58 silly gunzTarPerm extractEntry lib/bindings.js
59 silly gunzTarPerm extractEntry lib/canvas.js
60 silly gunzTarPerm extractEntry lib/context2d.js
61 silly gunzTarPerm extractEntry lib/image.js
62 silly gunzTarPerm extractEntry lib/jpegstream.js
63 silly gunzTarPerm extractEntry lib/pixelarray.js
64 silly gunzTarPerm extractEntry lib/pngstream.js
65 silly gunzTarPerm extractEntry History.md
66 silly gunzTarPerm extractEntry src/Image.h
67 silly gunzTarPerm extractEntry src/Canvas.cc
68 silly gunzTarPerm extractEntry src/CanvasGradient.cc
69 silly gunzTarPerm extractEntry src/CanvasGradient.h
70 silly gunzTarPerm extractEntry src/CanvasPattern.cc
71 silly gunzTarPerm extractEntry src/CanvasPattern.h
72 silly gunzTarPerm extractEntry src/CanvasRenderingContext2d.cc
73 silly gunzTarPerm extractEntry src/CanvasRenderingContext2d.h
74 silly gunzTarPerm extractEntry src/FontFace.cc
75 silly gunzTarPerm extractEntry src/FontFace.h
76 silly gunzTarPerm extractEntry src/Image.cc
77 silly gunzTarPerm extractEntry src/Canvas.h
78 silly gunzTarPerm extractEntry src/ImageData.cc
79 silly gunzTarPerm extractEntry src/ImageData.h
80 silly gunzTarPerm extractEntry src/JPEGStream.h
81 silly gunzTarPerm extractEntry src/PNG.h
82 silly gunzTarPerm extractEntry src/PixelArray.cc
83 silly gunzTarPerm extractEntry src/PixelArray.h
84 silly gunzTarPerm extractEntry src/Point.h
85 silly gunzTarPerm extractEntry src/closure.h
86 silly gunzTarPerm extractEntry src/color.cc
87 silly gunzTarPerm extractEntry src/color.h
88 silly gunzTarPerm extractEntry src/init.cc
89 silly gunzTarPerm extractEntry util/cairo_include.sh
90 silly gunzTarPerm extractEntry util/has_cairo_freetype.sh
91 silly gunzTarPerm extractEntry util/has_lib.sh
92 silly gunzTarPerm extractEntry util/lib_lookup.sh
93 info preinstall canvas@1.2.2
94 silly prepareForInstallMany adding nan@~1.5.1 from canvas dependencies
95 silly cache add args [ 'nan@~1.5.1', null ]
96 verbose cache add spec nan@~1.5.1
97 silly cache add parsed spec { raw: 'nan@~1.5.1',
97 silly cache add   scope: null,
97 silly cache add   name: 'nan',
97 silly cache add   rawSpec: '~1.5.1',
97 silly cache add   spec: '>=1.5.1 <1.6.0',
97 silly cache add   type: 'range' }
98 verbose addNamed nan@>=1.5.1 <1.6.0
99 silly addNamed semver.valid null
100 silly addNamed semver.validRange >=1.5.1 <1.6.0
101 silly addNameRange { name: 'nan', range: '>=1.5.1 <1.6.0', hasData: false }
102 silly mapToRegistry name nan
103 silly mapToRegistry using default registry
104 silly mapToRegistry registry https://registry.npmjs.org/
105 silly mapToRegistry uri https://registry.npmjs.org/nan
106 verbose addNameRange registry:https://registry.npmjs.org/nan not in flight; fetching
107 verbose request uri https://registry.npmjs.org/nan
108 verbose request no auth needed
109 info attempt registry request try #1 at 12:47:12 PM
110 http request GET https://registry.npmjs.org/nan
111 http 200 https://registry.npmjs.org/nan
112 silly get cb [ 200,
112 silly get   { server: 'CouchDB/1.5.0 (Erlang OTP/R16B03)',
112 silly get     etag: '"D9X1WVB37H5NYMOI61FHEOYM0"',
112 silly get     'content-type': 'application/json',
112 silly get     'cache-control': 'max-age=60',
112 silly get     'content-length': '109453',
112 silly get     'accept-ranges': 'bytes',
112 silly get     date: 'Mon, 11 May 2015 11:47:12 GMT',
112 silly get     via: '1.1 varnish',
112 silly get     age: '0',
112 silly get     connection: 'keep-alive',
112 silly get     'x-served-by': 'cache-lcy1134-LCY',
112 silly get     'x-cache': 'HIT',
112 silly get     'x-cache-hits': '1',
112 silly get     'x-timer': 'S1431344832.356582,VS0,VE590',
112 silly get     vary: 'Accept' } ]
113 verbose get saving nan to /Users/bernie/.npm/registry.npmjs.org/nan/.cache.json
114 silly addNameRange number 2 { name: 'nan', range: '>=1.5.1 <1.6.0', hasData: true }
115 silly addNameRange versions [ 'nan',
115 silly addNameRange   [ '0.3.0-wip',
115 silly addNameRange     '0.3.0-wip2',
115 silly addNameRange     '0.3.0',
115 silly addNameRange     '0.3.1',
115 silly addNameRange     '0.3.2',
115 silly addNameRange     '0.4.0',
115 silly addNameRange     '0.4.1',
115 silly addNameRange     '0.4.2',
115 silly addNameRange     '0.4.3',
115 silly addNameRange     '0.4.4',
115 silly addNameRange     '0.5.0',
115 silly addNameRange     '0.5.1',
115 silly addNameRange     '0.5.2',
115 silly addNameRange     '0.6.0',
115 silly addNameRange     '0.7.0',
115 silly addNameRange     '0.7.1',
115 silly addNameRange     '0.8.0',
115 silly addNameRange     '1.0.0',
115 silly addNameRange     '1.1.0',
115 silly addNameRange     '1.1.1',
115 silly addNameRange     '1.1.2',
115 silly addNameRange     '1.2.0',
115 silly addNameRange     '1.3.0',
115 silly addNameRange     '1.4.0',
115 silly addNameRange     '1.4.1',
115 silly addNameRange     '1.5.0',
115 silly addNameRange     '1.4.2',
115 silly addNameRange     '1.4.3',
115 silly addNameRange     '1.5.1',
115 silly addNameRange     '1.5.2',
115 silly addNameRange     '1.6.0',
115 silly addNameRange     '1.5.3',
115 silly addNameRange     '1.6.1',
115 silly addNameRange     '1.6.2',
115 silly addNameRange     '1.7.0',
115 silly addNameRange     '1.8.0',
115 silly addNameRange     '1.8.1',
115 silly addNameRange     '1.8.2',
115 silly addNameRange     '1.8.3',
115 silly addNameRange     '1.8.4' ] ]
116 verbose addNamed nan@1.5.3
117 silly addNamed semver.valid 1.5.3
118 silly addNamed semver.validRange 1.5.3
119 silly mapToRegistry name nan
120 silly mapToRegistry using default registry
121 silly mapToRegistry registry https://registry.npmjs.org/
122 silly mapToRegistry uri https://registry.npmjs.org/nan
123 verbose addRemoteTarball https://registry.npmjs.org/nan/-/nan-1.5.3.tgz not in flight; adding
124 verbose addRemoteTarball [ 'https://registry.npmjs.org/nan/-/nan-1.5.3.tgz',
124 verbose addRemoteTarball   '4cd0ecc133b7b0700a492a646add427ae8a318eb' ]
125 info retry fetch attempt 1 at 12:47:13 PM
126 info attempt registry request try #1 at 12:47:13 PM
127 http fetch GET https://registry.npmjs.org/nan/-/nan-1.5.3.tgz
128 http fetch 200 https://registry.npmjs.org/nan/-/nan-1.5.3.tgz
129 silly fetchAndShaCheck shasum 4cd0ecc133b7b0700a492a646add427ae8a318eb
130 verbose addTmpTarball /var/folders/v3/d1zj3j2104d7rggk_6y8hzsm0000gn/T/npm-13612-e119f6bb/registry.npmjs.org/nan/-/nan-1.5.3.tgz not in flight; adding
131 verbose addTmpTarball already have metadata; skipping unpack for nan@1.5.3
132 silly cache afterAdd nan@1.5.3
133 verbose afterAdd /Users/bernie/.npm/nan/1.5.3/package/package.json not in flight; writing
134 verbose afterAdd /Users/bernie/.npm/nan/1.5.3/package/package.json written
135 silly install resolved [ { name: 'nan',
135 silly install resolved     version: '1.5.3',
135 silly install resolved     description: 'Native Abstractions for Node.js: C++ header for Node 0.8->0.12 compatibility',
135 silly install resolved     main: 'include_dirs.js',
135 silly install resolved     repository: { type: 'git', url: 'git://github.com/rvagg/nan.git' },
135 silly install resolved     scripts:
135 silly install resolved      { test: 'tap --gc test/js/*-test.js',
135 silly install resolved        'rebuild-tests': 'node-gyp rebuild --directory test' },
135 silly install resolved     contributors:
135 silly install resolved      [ [Object],
135 silly install resolved        [Object],
135 silly install resolved        [Object],
135 silly install resolved        [Object],
135 silly install resolved        [Object],
135 silly install resolved        [Object],
135 silly install resolved        [Object] ],
135 silly install resolved     devDependencies:
135 silly install resolved      { bindings: '~1.2.1',
135 silly install resolved        'node-gyp': '~1.0.2',
135 silly install resolved        tap: '~0.5.0',
135 silly install resolved        xtend: '~4.0.0' },
135 silly install resolved     license: 'MIT',
135 silly install resolved     gitHead: '28ea7e1b769f790c69deaf141b47e4d41e176e8b',
135 silly install resolved     bugs: { url: 'https://github.com/rvagg/nan/issues' },
135 silly install resolved     homepage: 'https://github.com/rvagg/nan',
135 silly install resolved     _id: 'nan@1.5.3',
135 silly install resolved     _shasum: '4cd0ecc133b7b0700a492a646add427ae8a318eb',
135 silly install resolved     _from: 'nan@>=1.5.1 <1.6.0',
135 silly install resolved     _npmVersion: '2.1.18',
135 silly install resolved     _nodeVersion: '1.0.3',
135 silly install resolved     _npmUser: { name: 'rvagg', email: 'rod@vagg.org' },
135 silly install resolved     maintainers: [ [Object], [Object] ],
135 silly install resolved     dist:
135 silly install resolved      { shasum: '4cd0ecc133b7b0700a492a646add427ae8a318eb',
135 silly install resolved        tarball: 'http://registry.npmjs.org/nan/-/nan-1.5.3.tgz' },
135 silly install resolved     directories: {},
135 silly install resolved     _resolved: 'https://registry.npmjs.org/nan/-/nan-1.5.3.tgz' } ]
136 info install nan@1.5.3 into /Users/bernie/Code/sandstorm-appstore/app/node_modules/canvas
137 info installOne nan@1.5.3
138 verbose installOne of nan to /Users/bernie/Code/sandstorm-appstore/app/node_modules/canvas not in flight; installing
139 verbose lock using /Users/bernie/.npm/_locks/nan-7218054b07ddb874.lock for /Users/bernie/Code/sandstorm-appstore/app/node_modules/canvas/node_modules/nan
140 silly install write writing nan 1.5.3 to /Users/bernie/Code/sandstorm-appstore/app/node_modules/canvas/node_modules/nan
141 silly cache addNamed cb nan@1.5.3
142 verbose unbuild node_modules/canvas/node_modules/nan
143 silly gentlyRm /Users/bernie/Code/sandstorm-appstore/app/node_modules/canvas/node_modules/nan is being purged from base /Users/bernie/Code/sandstorm-appstore/app
144 verbose gentlyRm don't care about contents; nuking /Users/bernie/Code/sandstorm-appstore/app/node_modules/canvas/node_modules/nan
145 verbose tar unpack /Users/bernie/.npm/nan/1.5.3/package.tgz
146 verbose tar unpacking to /Users/bernie/Code/sandstorm-appstore/app/node_modules/canvas/node_modules/nan
147 silly gentlyRm /Users/bernie/Code/sandstorm-appstore/app/node_modules/canvas/node_modules/nan is being purged
148 verbose gentlyRm don't care about contents; nuking /Users/bernie/Code/sandstorm-appstore/app/node_modules/canvas/node_modules/nan
149 silly gunzTarPerm modes [ '755', '644' ]
150 silly gunzTarPerm extractEntry package.json
151 silly gunzTarPerm modified mode [ 'package.json', 436, 420 ]
152 silly gunzTarPerm extractEntry README.md
153 silly gunzTarPerm modified mode [ 'README.md', 436, 420 ]
154 silly gunzTarPerm extractEntry include_dirs.js
155 silly gunzTarPerm extractEntry LICENSE.md
156 silly gunzTarPerm modified mode [ 'LICENSE.md', 436, 420 ]
157 silly gunzTarPerm extractEntry .dntrc
158 silly gunzTarPerm modified mode [ '.dntrc', 436, 420 ]
159 silly gunzTarPerm extractEntry appveyor.yml
160 silly gunzTarPerm modified mode [ 'appveyor.yml', 436, 420 ]
161 silly gunzTarPerm extractEntry nan.h
162 silly gunzTarPerm modified mode [ 'nan.h', 436, 420 ]
163 silly gunzTarPerm extractEntry nan_implementation_12_inl.h
164 silly gunzTarPerm modified mode [ 'nan_implementation_12_inl.h', 436, 420 ]
165 silly gunzTarPerm extractEntry nan_implementation_pre_12_inl.h
166 silly gunzTarPerm modified mode [ 'nan_implementation_pre_12_inl.h', 436, 420 ]
167 silly gunzTarPerm extractEntry nan_new.h
168 silly gunzTarPerm modified mode [ 'nan_new.h', 436, 420 ]
169 silly gunzTarPerm extractEntry CHANGELOG.md
170 silly gunzTarPerm modified mode [ 'CHANGELOG.md', 436, 420 ]
171 info preinstall nan@1.5.3
172 silly install resolved []
173 verbose about to build /Users/bernie/Code/sandstorm-appstore/app/node_modules/canvas/node_modules/nan
174 info build /Users/bernie/Code/sandstorm-appstore/app/node_modules/canvas/node_modules/nan
175 verbose linkStuff [ false,
175 verbose linkStuff   false,
175 verbose linkStuff   false,
175 verbose linkStuff   '/Users/bernie/Code/sandstorm-appstore/app/node_modules/canvas/node_modules' ]
176 info linkStuff nan@1.5.3
177 verbose linkBins nan@1.5.3
178 verbose linkMans nan@1.5.3
179 verbose rebuildBundles nan@1.5.3
180 info install nan@1.5.3
181 info postinstall nan@1.5.3
182 verbose unlock done using /Users/bernie/.npm/_locks/nan-7218054b07ddb874.lock for /Users/bernie/Code/sandstorm-appstore/app/node_modules/canvas/node_modules/nan
183 verbose about to build /Users/bernie/Code/sandstorm-appstore/app/node_modules/canvas
184 info build /Users/bernie/Code/sandstorm-appstore/app/node_modules/canvas
185 verbose linkStuff [ false,
185 verbose linkStuff   false,
185 verbose linkStuff   false,
185 verbose linkStuff   '/Users/bernie/Code/sandstorm-appstore/app/node_modules' ]
186 info linkStuff canvas@1.2.2
187 verbose linkBins canvas@1.2.2
188 verbose linkMans canvas@1.2.2
189 verbose rebuildBundles canvas@1.2.2
190 verbose rebuildBundles [ 'nan' ]
191 info install canvas@1.2.2
192 verbose unsafe-perm in lifecycle true
193 info canvas@1.2.2 Failed to exec install script
194 verbose unlock done using /Users/bernie/.npm/_locks/canvas-b8fd7360da79d340.lock for /Users/bernie/Code/sandstorm-appstore/app/node_modules/canvas
195 verbose stack Error: canvas@1.2.2 install: `node-gyp rebuild`
195 verbose stack Exit status 1
195 verbose stack     at EventEmitter.<anonymous> (/usr/local/lib/node_modules/npm/lib/utils/lifecycle.js:213:16)
195 verbose stack     at EventEmitter.emit (events.js:110:17)
195 verbose stack     at ChildProcess.<anonymous> (/usr/local/lib/node_modules/npm/lib/utils/spawn.js:14:12)
195 verbose stack     at ChildProcess.emit (events.js:110:17)
195 verbose stack     at maybeClose (child_process.js:1015:16)
195 verbose stack     at Process.ChildProcess._handle.onexit (child_process.js:1087:5)
196 verbose pkgid canvas@1.2.2
197 verbose cwd /Users/bernie/Code/sandstorm-appstore/app
198 error Darwin 14.3.0
199 error argv "/usr/local/bin/node" "/usr/local/bin/npm" "install" "canvas"
200 error node v0.12.2
201 error npm  v2.7.4
202 error code ELIFECYCLE
203 error canvas@1.2.2 install: `node-gyp rebuild`
203 error Exit status 1
204 error Failed at the canvas@1.2.2 install script 'node-gyp rebuild'.
204 error This is most likely a problem with the canvas package,
204 error not with npm itself.
204 error Tell the author that this fails on your system:
204 error     node-gyp rebuild
204 error You can get their info via:
204 error     npm owner ls canvas
204 error There is likely additional logging output above.
205 verbose exit [ 1, true ]
206 verbose unbuild node_modules/canvas
207 info preuninstall canvas@1.2.2
208 info uninstall canvas@1.2.2
209 verbose unbuild rmStuff canvas@1.2.2 from /Users/bernie/Code/sandstorm-appstore/app/node_modules
210 info postuninstall canvas@1.2.2
211 silly gentlyRm /Users/bernie/Code/sandstorm-appstore/app/node_modules/canvas is being purged from base /Users/bernie/Code/sandstorm-appstore/app
212 verbose gentlyRm don't care about contents; nuking /Users/bernie/Code/sandstorm-appstore/app/node_modules/canvas
213 silly vacuum-fs purging /Users/bernie/Code/sandstorm-appstore/app/node_modules/canvas
214 silly vacuum-fs removing /Users/bernie/Code/sandstorm-appstore/app/node_modules
215 silly vacuum-fs finished vacuuming up to /Users/bernie/Code/sandstorm-appstore/app
